# JRE version: Java(TM) SE Runtime Environment (8.0_151-b12) (build 1.8.0_151-b12)
# Java VM: Java HotSpot(TM) 64-Bit Server VM (25.151-b12 mixed mode linux-amd64 compressed oops)
Heap:
 PSYoungGen      total 565760K, used 22987K [0x00000000d7100000, 0x00000000fb580000, 0x0000000100000000)
  eden space 537088K, 0% used [0x00000000d7100000,0x00000000d7100000,0x00000000f7d80000)
  from space 28672K, 80% used [0x00000000f7d80000,0x00000000f93f2e38,0x00000000f9980000)
  to   space 9216K, 0% used [0x00000000fac80000,0x00000000fac80000,0x00000000fb580000)
 ParOldGen       total 137728K, used 50366K [0x0000000085200000, 0x000000008d880000, 0x00000000d7100000)
  object space 137728K, 36% used [0x0000000085200000,0x000000008832fa18,0x000000008d880000)
 Metaspace       used 64097K, capacity 65308K, committed 65584K, reserved 1105920K
  class space    used 7849K, capacity 8118K, committed 8240K, reserved 1048576K
GC Heap History (10 events):
Event: 6,882 GC heap after
Heap after GC invocations=14 (full 2):
 PSYoungGen      total 410112K, used 17389K [0x00000000d7100000, 0x00000000f1c80000, 0x0000000100000000)
  eden space 392704K, 0% used [0x00000000d7100000,0x00000000d7100000,0x00000000ef080000)
  from space 17408K, 99% used [0x00000000f0500000,0x00000000f15fb4d0,0x00000000f1600000)
  to   space 20992K, 0% used [0x00000000ef080000,0x00000000ef080000,0x00000000f0500000)
 ParOldGen       total 88064K, used 28513K [0x0000000085200000, 0x000000008a800000, 0x00000000d7100000)
  object space 88064K, 32% used [0x0000000085200000,0x0000000086dd8510,0x000000008a800000)
 Metaspace       used 46659K, capacity 47142K, committed 47536K, reserved 1091584K
  class space    used 5853K, capacity 5970K, committed 6064K, reserved 1048576K
}
Event: 9,604 GC heap before
{Heap before GC invocations=15 (full 2):
 PSYoungGen      total 410112K, used 372723K [0x00000000d7100000, 0x00000000f1c80000, 0x0000000100000000)
  eden space 392704K, 90% used [0x00000000d7100000,0x00000000ecc01a28,0x00000000ef080000)
  from space 17408K, 99% used [0x00000000f0500000,0x00000000f15fb4d0,0x00000000f1600000)
  to   space 20992K, 0% used [0x00000000ef080000,0x00000000ef080000,0x00000000f0500000)
 ParOldGen       total 88064K, used 28513K [0x0000000085200000, 0x000000008a800000, 0x00000000d7100000)
  object space 88064K, 32% used [0x0000000085200000,0x0000000086dd8510,0x000000008a800000)
 Metaspace       used 58186K, capacity 59014K, committed 59160K, reserved 1101824K
  class space    used 7321K, capacity 7538K, committed 7600K, reserved 1048576K
Event: 9,647 GC heap after
Heap after GC invocations=15 (full 2):
 PSYoungGen      total 413696K, used 20962K [0x00000000d7100000, 0x00000000fc980000, 0x0000000100000000)
  eden space 392704K, 0% used [0x00000000d7100000,0x00000000d7100000,0x00000000ef080000)
  from space 20992K, 99% used [0x00000000ef080000,0x00000000f04f8930,0x00000000f0500000)
  to   space 29696K, 0% used [0x00000000fac80000,0x00000000fac80000,0x00000000fc980000)
 ParOldGen       total 88064K, used 42917K [0x0000000085200000, 0x000000008a800000, 0x00000000d7100000)
  object space 88064K, 48% used [0x0000000085200000,0x0000000087be9570,0x000000008a800000)
 Metaspace       used 58186K, capacity 59014K, committed 59160K, reserved 1101824K
  class space    used 7321K, capacity 7538K, committed 7600K, reserved 1048576K
}
Event: 9,647 GC heap before
{Heap before GC invocations=16 (full 3):
 PSYoungGen      total 413696K, used 20962K [0x00000000d7100000, 0x00000000fc980000, 0x0000000100000000)
  eden space 392704K, 0% used [0x00000000d7100000,0x00000000d7100000,0x00000000ef080000)
  from space 20992K, 99% used [0x00000000ef080000,0x00000000f04f8930,0x00000000f0500000)
  to   space 29696K, 0% used [0x00000000fac80000,0x00000000fac80000,0x00000000fc980000)
 ParOldGen       total 88064K, used 42917K [0x0000000085200000, 0x000000008a800000, 0x00000000d7100000)
  object space 88064K, 48% used [0x0000000085200000,0x0000000087be9570,0x000000008a800000)
 Metaspace       used 58186K, capacity 59014K, committed 59160K, reserved 1101824K
  class space    used 7321K, capacity 7538K, committed 7600K, reserved 1048576K
Event: 9,919 GC heap after
Heap after GC invocations=16 (full 3):
 PSYoungGen      total 413696K, used 0K [0x00000000d7100000, 0x00000000fc980000, 0x0000000100000000)
  eden space 392704K, 0% used [0x00000000d7100000,0x00000000d7100000,0x00000000ef080000)
  from space 20992K, 0% used [0x00000000ef080000,0x00000000ef080000,0x00000000f0500000)
  to   space 29696K, 0% used [0x00000000fac80000,0x00000000fac80000,0x00000000fc980000)
 ParOldGen       total 137728K, used 59497K [0x0000000085200000, 0x000000008d880000, 0x00000000d7100000)
  object space 137728K, 43% used [0x0000000085200000,0x0000000088c1a790,0x000000008d880000)
 Metaspace       used 58088K, capacity 58858K, committed 59160K, reserved 1101824K
  class space    used 7307K, capacity 7512K, committed 7600K, reserved 1048576K
}
Event: 16,490 GC heap before
{Heap before GC invocations=17 (full 3):
 PSYoungGen      total 413696K, used 350391K [0x00000000d7100000, 0x00000000fc980000, 0x0000000100000000)
  eden space 392704K, 89% used [0x00000000d7100000,0x00000000ec72dfe8,0x00000000ef080000)
  from space 20992K, 0% used [0x00000000ef080000,0x00000000ef080000,0x00000000f0500000)
  to   space 29696K, 0% used [0x00000000fac80000,0x00000000fac80000,0x00000000fc980000)
 ParOldGen       total 137728K, used 59497K [0x0000000085200000, 0x000000008d880000, 0x00000000d7100000)
  object space 137728K, 43% used [0x0000000085200000,0x0000000088c1a790,0x000000008d880000)
 Metaspace       used 60819K, capacity 61898K, committed 62256K, reserved 1103872K
  class space    used 7648K, capacity 7877K, committed 7984K, reserved 1048576K
Event: 16,507 GC heap after
Heap after GC invocations=17 (full 3):
 PSYoungGen      total 546304K, used 7216K [0x00000000d7100000, 0x00000000fb580000, 0x0000000100000000)
  eden space 537088K, 0% used [0x00000000d7100000,0x00000000d7100000,0x00000000f7d80000)
  from space 9216K, 78% used [0x00000000fac80000,0x00000000fb38c2e8,0x00000000fb580000)
  to   space 28672K, 0% used [0x00000000f7d80000,0x00000000f7d80000,0x00000000f9980000)
 ParOldGen       total 137728K, used 59505K [0x0000000085200000, 0x000000008d880000, 0x00000000d7100000)
  object space 137728K, 43% used [0x0000000085200000,0x0000000088c1c790,0x000000008d880000)
 Metaspace       used 60819K, capacity 61898K, committed 62256K, reserved 1103872K
  class space    used 7648K, capacity 7877K, committed 7984K, reserved 1048576K
}
Event: 16,507 GC heap before
{Heap before GC invocations=18 (full 4):
 PSYoungGen      total 546304K, used 7216K [0x00000000d7100000, 0x00000000fb580000, 0x0000000100000000)
  eden space 537088K, 0% used [0x00000000d7100000,0x00000000d7100000,0x00000000f7d80000)
  from space 9216K, 78% used [0x00000000fac80000,0x00000000fb38c2e8,0x00000000fb580000)
  to   space 28672K, 0% used [0x00000000f7d80000,0x00000000f7d80000,0x00000000f9980000)
 ParOldGen       total 137728K, used 59505K [0x0000000085200000, 0x000000008d880000, 0x00000000d7100000)
  object space 137728K, 43% used [0x0000000085200000,0x0000000088c1c790,0x000000008d880000)
 Metaspace       used 60819K, capacity 61898K, committed 62256K, reserved 1103872K
  class space    used 7648K, capacity 7877K, committed 7984K, reserved 1048576K
Event: 16,871 GC heap after
Heap after GC invocations=18 (full 4):
 PSYoungGen      total 546304K, used 0K [0x00000000d7100000, 0x00000000fb580000, 0x0000000100000000)
  eden space 537088K, 0% used [0x00000000d7100000,0x00000000d7100000,0x00000000f7d80000)
  from space 9216K, 0% used [0x00000000fac80000,0x00000000fac80000,0x00000000fb580000)
  to   space 28672K, 0% used [0x00000000f7d80000,0x00000000f7d80000,0x00000000f9980000)
 ParOldGen       total 137728K, used 50358K [0x0000000085200000, 0x000000008d880000, 0x00000000d7100000)
  object space 137728K, 36% used [0x0000000085200000,0x000000008832da18,0x000000008d880000)
 Metaspace       used 60819K, capacity 61898K, committed 62256K, reserved 1103872K
  class space    used 7648K, capacity 7877K, committed 7984K, reserved 1048576K
}
Event: 21,206 GC heap before
{Heap before GC invocations=19 (full 4):
 PSYoungGen      total 546304K, used 537088K [0x00000000d7100000, 0x00000000fb580000, 0x0000000100000000)
  eden space 537088K, 100% used [0x00000000d7100000,0x00000000f7d80000,0x00000000f7d80000)
  from space 9216K, 0% used [0x00000000fac80000,0x00000000fac80000,0x00000000fb580000)
  to   space 28672K, 0% used [0x00000000f7d80000,0x00000000f7d80000,0x00000000f9980000)
 ParOldGen       total 137728K, used 50358K [0x0000000085200000, 0x000000008d880000, 0x00000000d7100000)
  object space 137728K, 36% used [0x0000000085200000,0x000000008832da18,0x000000008d880000)
 Metaspace       used 64097K, capacity 65308K, committed 65584K, reserved 1105920K
  class space    used 7849K, capacity 8118K, committed 8240K, reserved 1048576K

